[debug] [2023-02-23T01:33:35.058Z] ----------------------------------------------------------------------
[debug] [2023-02-23T01:33:35.059Z] Command:       C:\Program Files\nodejs\node.exe C:\Users\New User\AppData\Roaming\npm\node_modules\firebase-tools\lib\bin\firebase.js init
[debug] [2023-02-23T01:33:35.060Z] CLI Version:   11.23.1
[debug] [2023-02-23T01:33:35.060Z] Platform:      win32
[debug] [2023-02-23T01:33:35.060Z] Node Version:  v18.14.1
[debug] [2023-02-23T01:33:35.061Z] Time:          Thu Feb 23 2023 07:03:35 GMT+0530 (India Standard Time)
[debug] [2023-02-23T01:33:35.061Z] ----------------------------------------------------------------------
[debug] 
[debug] [2023-02-23T01:33:35.103Z] Object "" in "firebase.json" has unknown property: {"additionalProperty":"function"}
[debug] [2023-02-23T01:33:35.106Z] > command requires scopes: ["email","openid","https://www.googleapis.com/auth/cloudplatformprojects.readonly","https://www.googleapis.com/auth/firebase","https://www.googleapis.com/auth/cloud-platform"]
[debug] [2023-02-23T01:33:35.106Z] > authorizing via signed-in user (lovish.sethi@american-technology.net)
[debug] [2023-02-23T01:33:35.106Z] Object "" in "firebase.json" has unknown property: {"additionalProperty":"function"}
[info] 
     ######## #### ########  ######## ########     ###     ######  ########
     ##        ##  ##     ## ##       ##     ##  ##   ##  ##       ##
     ######    ##  ########  ######   ########  #########  ######  ######
     ##        ##  ##    ##  ##       ##     ## ##     ##       ## ##
     ##       #### ##     ## ######## ########  ##     ##  ######  ########

You're about to initialize a Firebase project in this directory:

  C:\Project\newproject\ssrnext

Before we get started, keep in mind:

  * You are currently outside your home directory
  * You are initializing within an existing Firebase project directory

[info] 
=== Project Setup
[info] 
[info] First, let's associate this project directory with a Firebase project.
[info] You can create multiple project aliases by running firebase use --add, 
[info] but for now we'll just set up a default project.
[info] 
[debug] [2023-02-23T01:33:42.947Z] Using project from CLI flag: next-ssr-96b73
[debug] [2023-02-23T01:33:42.950Z] >>> [apiv2][query] GET https://firebase.googleapis.com/v1beta1/projects/next-ssr-96b73 [none]
[debug] [2023-02-23T01:33:43.776Z] <<< [apiv2][status] GET https://firebase.googleapis.com/v1beta1/projects/next-ssr-96b73 200
[debug] [2023-02-23T01:33:43.776Z] <<< [apiv2][body] GET https://firebase.googleapis.com/v1beta1/projects/next-ssr-96b73 {"projectId":"next-ssr-96b73","projectNumber":"308698293851","displayName":"next-ssr","name":"projects/next-ssr-96b73","resources":{"hostingSite":"next-ssr-96b73","realtimeDatabaseInstance":"next-ssr-96b73-default-rtdb"},"state":"ACTIVE","etag":"1_72351825-b6d4-4ca6-92f2-afe4be136e31"}
[info] i  Using project next-ssr-96b73 (next-ssr) 
[info] 
=== Hosting Setup
[info] 
[info] Your public directory is the folder (relative to your project directory) that
[info] will contain Hosting assets to be uploaded with firebase deploy. If you
[info] have a build process for your assets, use your build's output directory.
[info] 
[debug] [2023-02-23T01:34:32.256Z] ----------------------------------------------------------------------
[debug] [2023-02-23T01:34:32.257Z] Command:       C:\Program Files\nodejs\node.exe C:\Users\New User\AppData\Roaming\npm\node_modules\firebase-tools\lib\bin\firebase.js init
[debug] [2023-02-23T01:34:32.258Z] CLI Version:   11.23.1
[debug] [2023-02-23T01:34:32.258Z] Platform:      win32
[debug] [2023-02-23T01:34:32.258Z] Node Version:  v18.14.1
[debug] [2023-02-23T01:34:32.259Z] Time:          Thu Feb 23 2023 07:04:32 GMT+0530 (India Standard Time)
[debug] [2023-02-23T01:34:32.259Z] ----------------------------------------------------------------------
[debug] 
[debug] [2023-02-23T01:34:32.321Z] Object "" in "firebase.json" has unknown property: {"additionalProperty":"function"}
[debug] [2023-02-23T01:34:32.324Z] > command requires scopes: ["email","openid","https://www.googleapis.com/auth/cloudplatformprojects.readonly","https://www.googleapis.com/auth/firebase","https://www.googleapis.com/auth/cloud-platform"]
[debug] [2023-02-23T01:34:32.325Z] > authorizing via signed-in user (lovish.sethi@american-technology.net)
[debug] [2023-02-23T01:34:32.325Z] Object "" in "firebase.json" has unknown property: {"additionalProperty":"function"}
[info] 
     ######## #### ########  ######## ########     ###     ######  ########
     ##        ##  ##     ## ##       ##     ##  ##   ##  ##       ##
     ######    ##  ########  ######   ########  #########  ######  ######
     ##        ##  ##    ##  ##       ##     ## ##     ##       ## ##
     ##       #### ##     ## ######## ########  ##     ##  ######  ########

You're about to initialize a Firebase project in this directory:

  C:\Project\newproject\ssrnext

Before we get started, keep in mind:

  * You are currently outside your home directory
  * You are initializing within an existing Firebase project directory

[info] 
=== Project Setup
[info] 
[info] First, let's associate this project directory with a Firebase project.
[info] You can create multiple project aliases by running firebase use --add, 
[info] but for now we'll just set up a default project.
[info] 
[debug] [2023-02-23T01:34:38.885Z] Using project from CLI flag: next-ssr-96b73
[debug] [2023-02-23T01:34:38.887Z] >>> [apiv2][query] GET https://firebase.googleapis.com/v1beta1/projects/next-ssr-96b73 [none]
[debug] [2023-02-23T01:34:39.689Z] <<< [apiv2][status] GET https://firebase.googleapis.com/v1beta1/projects/next-ssr-96b73 200
[debug] [2023-02-23T01:34:39.690Z] <<< [apiv2][body] GET https://firebase.googleapis.com/v1beta1/projects/next-ssr-96b73 {"projectId":"next-ssr-96b73","projectNumber":"308698293851","displayName":"next-ssr","name":"projects/next-ssr-96b73","resources":{"hostingSite":"next-ssr-96b73","realtimeDatabaseInstance":"next-ssr-96b73-default-rtdb"},"state":"ACTIVE","etag":"1_72351825-b6d4-4ca6-92f2-afe4be136e31"}
[info] i  Using project next-ssr-96b73 (next-ssr) 
[info] 
=== Hosting Setup
[info] 
[info] Your public directory is the folder (relative to your project directory) that
[info] will contain Hosting assets to be uploaded with firebase deploy. If you
[info] have a build process for your assets, use your build's output directory.
[info] 
[debug] [2023-02-23T01:34:56.246Z] >>> [apiv2][query] GET https://www.gstatic.com/firebasejs/releases.json [none]
[debug] [2023-02-23T01:34:56.407Z] <<< [apiv2][status] GET https://www.gstatic.com/firebasejs/releases.json 200
[debug] [2023-02-23T01:34:56.407Z] <<< [apiv2][body] GET https://www.gstatic.com/firebasejs/releases.json {"current":{"version":"9.17.1","browserURL":"https://www.gstatic.com/firebasejs/9.17.1/firebase.js","packageURL":"https://www.gstatic.com/firebasejs/9.17.1/firebase.tgz"},"live":{"version":"9.17","browserURL":"https://www.gstatic.com/firebasejs/live/9.17/firebase.js","packageURL":"https://www.gstatic.com/firebasejs/live/9.17/firebase.tgz"},"components":{"analytics":"https://www.gstatic.com/firebasejs/9.17.1/firebase-analytics.js","app":"https://www.gstatic.com/firebasejs/9.17.1/firebase-app.js","app-check":"https://www.gstatic.com/firebasejs/9.17.1/firebase-app-check.js","auth":"https://www.gstatic.com/firebasejs/9.17.1/firebase-auth.js","auth/cordova":"https://www.gstatic.com/firebasejs/9.17.1/firebase-auth/cordova.js","auth/react-native":"https://www.gstatic.com/firebasejs/9.17.1/firebase-auth/react-native.js","functions":"https://www.gstatic.com/firebasejs/9.17.1/firebase-functions.js","firestore":"https://www.gstatic.com/firebasejs/9.17.1/firebase-firestore.js","firestore/lite":"https://www.gstatic.com/firebasejs/9.17.1/firebase-firestore/lite.js","installations":"https://www.gstatic.com/firebasejs/9.17.1/firebase-installations.js","storage":"https://www.gstatic.com/firebasejs/9.17.1/firebase-storage.js","performance":"https://www.gstatic.com/firebasejs/9.17.1/firebase-performance.js","remote-config":"https://www.gstatic.com/firebasejs/9.17.1/firebase-remote-config.js","messaging":"https://www.gstatic.com/firebasejs/9.17.1/firebase-messaging.js","messaging/sw":"https://www.gstatic.com/firebasejs/9.17.1/firebase-messaging/sw.js","database":"https://www.gstatic.com/firebasejs/9.17.1/firebase-database.js","firestore.memory":"https://www.gstatic.com/firebasejs/9.17.1/firebase-firestore.memory.js"}}
[info] +  Wrote out/index.html 
[info] 
[info] i  Detected a .git folder at C:\Project\newproject\ssrnext 
[info] i  Authorizing with GitHub to upload your service account to a GitHub repository's secrets store. 
[info] 
[info] Visit this URL on this device to log in:
[info] https://github.com/login/oauth/authorize?client_id=89cf50f02ac6aaed3484&state=973729433&redirect_uri=http%3A%2F%2Flocalhost%3A9005&scope=read%3Auser%20repo%20public_repo
[info] 
[info] Waiting for authentication...
[debug] [2023-02-23T01:35:07.956Z] >>> [apiv2][query] POST https://github.com/login/oauth/access_token [none]
[debug] [2023-02-23T01:35:07.957Z] >>> [apiv2][body] POST https://github.com/login/oauth/access_token [stream]
[debug] [2023-02-23T01:35:08.388Z] <<< [apiv2][status] POST https://github.com/login/oauth/access_token 200
[debug] [2023-02-23T01:35:08.388Z] <<< [apiv2][body] POST https://github.com/login/oauth/access_token {"access_token":"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","token_type":"bearer","scope":"read:user,repo"}
[debug] [2023-02-23T01:35:08.397Z] >>> [apiv2][query] GET https://api.github.com/user [none]
[debug] [2023-02-23T01:35:08.861Z] <<< [apiv2][status] GET https://api.github.com/user 200
[debug] [2023-02-23T01:35:08.861Z] <<< [apiv2][body] GET https://api.github.com/user {"login":"Lovish99","id":125950541,"node_id":"U_kgDOB4HaTQ","avatar_url":"https://avatars.githubusercontent.com/u/125950541?v=4","gravatar_id":"","url":"https://api.github.com/users/Lovish99","html_url":"https://github.com/Lovish99","followers_url":"https://api.github.com/users/Lovish99/followers","following_url":"https://api.github.com/users/Lovish99/following{/other_user}","gists_url":"https://api.github.com/users/Lovish99/gists{/gist_id}","starred_url":"https://api.github.com/users/Lovish99/starred{/owner}{/repo}","subscriptions_url":"https://api.github.com/users/Lovish99/subscriptions","organizations_url":"https://api.github.com/users/Lovish99/orgs","repos_url":"https://api.github.com/users/Lovish99/repos","events_url":"https://api.github.com/users/Lovish99/events{/privacy}","received_events_url":"https://api.github.com/users/Lovish99/received_events","type":"User","site_admin":false,"name":null,"company":null,"blog":"","location":null,"email":null,"hireable":null,"bio":null,"twitter_username":null,"public_repos":2,"public_gists":0,"followers":0,"following":0,"created_at":"2023-02-21T06:05:14Z","updated_at":"2023-02-21T06:05:14Z","private_gists":0,"total_private_repos":0,"owned_private_repos":0,"disk_usage":89,"collaborators":0,"two_factor_authentication":false,"plan":{"name":"free","space":976562499,"collaborators":0,"private_repos":10000}}
[info] 
[info] +  Success! Logged into GitHub as Lovish99 
[info] 
